<?xml version="1.0" encoding="UTF-8"?>
<!-- Generated by org.testng.reporters.JUnitReportReporter -->
<testsuite skipped="0" hostname="M5lb" name="AccountControllerTest" tests="47" failures="0" timestamp="11 Mar 2017 17:32:05 GMT" time="0.823" errors="0">
  <testcase name="Login" time="0.273" classname="AccountControllerTest"/>
  <testcase name="Signup" time="0.012" classname="AccountControllerTest"/>
  <testcase name="Signup" time="0.007" classname="AccountControllerTest"/>
  <testcase name="Login" time="0.005" classname="AccountControllerTest"/>
  <testcase name="Login" time="0.001" classname="AccountControllerTest"/>
  <testcase name="Login" time="0.042" classname="AccountControllerTest"/>
  <testcase name="Signup" time="0.005" classname="AccountControllerTest"/>
  <testcase name="Login" time="0.002" classname="AccountControllerTest"/>
  <testcase name="Login" time="0.008" classname="AccountControllerTest"/>
  <testcase name="Login" time="0.013" classname="AccountControllerTest"/>
  <testcase name="Login" time="0.002" classname="AccountControllerTest"/>
  <testcase name="Login" time="0.210" classname="AccountControllerTest"/>
  <testcase name="Login" time="0.004" classname="AccountControllerTest"/>
  <testcase name="Login" time="0.002" classname="AccountControllerTest"/>
  <testcase name="Login" time="0.004" classname="AccountControllerTest"/>
  <testcase name="Login" time="0.002" classname="AccountControllerTest"/>
  <testcase name="Login" time="0.003" classname="AccountControllerTest"/>
  <testcase name="Login" time="0.006" classname="AccountControllerTest"/>
  <testcase name="Login" time="0.021" classname="AccountControllerTest"/>
  <testcase name="Login" time="0.004" classname="AccountControllerTest"/>
  <testcase name="Login" time="0.004" classname="AccountControllerTest"/>
  <testcase name="Login" time="0.004" classname="AccountControllerTest"/>
  <testcase name="Signup" time="0.005" classname="AccountControllerTest"/>
  <testcase name="Login" time="0.005" classname="AccountControllerTest"/>
  <testcase name="Login" time="0.005" classname="AccountControllerTest"/>
  <testcase name="Signup" time="0.003" classname="AccountControllerTest"/>
  <testcase name="Login" time="0.004" classname="AccountControllerTest"/>
  <testcase name="Login" time="0.002" classname="AccountControllerTest"/>
  <testcase name="Login" time="0.006" classname="AccountControllerTest"/>
  <testcase name="Signup" time="0.002" classname="AccountControllerTest"/>
  <testcase name="Login" time="0.010" classname="AccountControllerTest"/>
  <testcase name="Login" time="0.002" classname="AccountControllerTest"/>
  <testcase name="Login" time="0.005" classname="AccountControllerTest"/>
  <testcase name="Login" time="0.040" classname="AccountControllerTest"/>
  <testcase name="Login" time="0.052" classname="AccountControllerTest"/>
  <testcase name="Login" time="0.007" classname="AccountControllerTest"/>
  <testcase name="Login" time="0.003" classname="AccountControllerTest"/>
  <testcase name="Signup" time="0.001" classname="AccountControllerTest"/>
  <testcase name="Login" time="0.004" classname="AccountControllerTest"/>
  <testcase name="Login" time="0.007" classname="AccountControllerTest"/>
  <testcase name="Signup" time="0.003" classname="AccountControllerTest"/>
  <testcase name="Signup" time="0.006" classname="AccountControllerTest"/>
  <testcase name="Login" time="0.004" classname="AccountControllerTest"/>
  <testcase name="Login" time="0.004" classname="AccountControllerTest"/>
  <testcase name="Login" time="0.002" classname="AccountControllerTest"/>
  <testcase name="Signup" time="0.005" classname="AccountControllerTest"/>
  <testcase name="Signup" time="0.002" classname="AccountControllerTest"/>
</testsuite> <!-- AccountControllerTest -->
